<?xml version="1.0" encoding="UTF-8"?>
<!-- Generated by org.testng.reporters.JUnitXMLReporter -->
<testsuite ignored="0" hostname="DESKTOP-704C23G" failures="0" tests="1" name="BankingApp Test" time="3.83" errors="0" timestamp="2022-04-07T14:06:38 IST">
  <testcase classname="banking.testCases.BaseClass" name="@BeforeClass setup" time="3.699">
    <failure type="org.openqa.selenium.SessionNotCreatedException" message="session not created: This version of ChromeDriver only supports Chrome version 100
Current browser version is 99.0.4844.84 with binary path C:\Program Files\Google\Chrome\Application\chrome.exe
Build info: version: &amp;apos;3.141.59&amp;apos;, revision: &amp;apos;e82be7d358&amp;apos;, time: &amp;apos;2018-11-14T08:17:03&amp;apos;
System info: host: &amp;apos;DESKTOP-704C23G&amp;apos;, ip: &amp;apos;192.168.0.82&amp;apos;, os.name: &amp;apos;Windows 10&amp;apos;, os.arch: &amp;apos;amd64&amp;apos;, os.version: &amp;apos;10.0&amp;apos;, java.version: &amp;apos;17.0.2&amp;apos;
Driver info: driver.version: ChromeDriver
remote stacktrace: Backtrace:
	Ordinal0 [0x00797413+2389011]
	Ordinal0 [0x00729F61+1941345]
	Ordinal0 [0x0061C658+837208]
	Ordinal0 [0x0063C773+968563]
	Ordinal0 [0x0063837A+951162]
	Ordinal0 [0x00635C51+941137]
	Ordinal0 [0x00668C80+1150080]
	Ordinal0 [0x006688DA+1149146]
	Ordinal0 [0x00663F66+1130342]
	Ordinal0 [0x0063E546+976198]
	Ordinal0 [0x0063F456+980054]
	GetHandleVerifier [0x00949632+1727522]
	GetHandleVerifier [0x009FBA4D+2457661]
	GetHandleVerifier [0x0082EB81+569713]
	GetHandleVerifier [0x0082DD76+566118]
	Ordinal0 [0x00730B2B+1968939]
	Ordinal0 [0x00735988+1989000]
	Ordinal0 [0x00735A75+1989237]
	Ordinal0 [0x0073ECB1+2026673]
	BaseThreadInitThunk [0x769BFA29+25]
	RtlGetAppContainerNamedObjectPath [0x77AA7A7E+286]
	RtlGetAppContainerNamedObjectPath [0x77AA7A4E+238]
">
      <![CDATA[org.openqa.selenium.SessionNotCreatedException: session not created: This version of ChromeDriver only supports Chrome version 100
Current browser version is 99.0.4844.84 with binary path C:\Program Files\Google\Chrome\Application\chrome.exe
Build info: version: '3.141.59', revision: 'e82be7d358', time: '2018-11-14T08:17:03'
System info: host: 'DESKTOP-704C23G', ip: '192.168.0.82', os.name: 'Windows 10', os.arch: 'amd64', os.version: '10.0', java.version: '17.0.2'
Driver info: driver.version: ChromeDriver
remote stacktrace: Backtrace:
Ordinal0 [0x00797413+2389011]
Ordinal0 [0x00729F61+1941345]
Ordinal0 [0x0061C658+837208]
Ordinal0 [0x0063C773+968563]
Ordinal0 [0x0063837A+951162]
Ordinal0 [0x00635C51+941137]
Ordinal0 [0x00668C80+1150080]
Ordinal0 [0x006688DA+1149146]
Ordinal0 [0x00663F66+1130342]
Ordinal0 [0x0063E546+976198]
Ordinal0 [0x0063F456+980054]
GetHandleVerifier [0x00949632+1727522]
GetHandleVerifier [0x009FBA4D+2457661]
GetHandleVerifier [0x0082EB81+569713]
GetHandleVerifier [0x0082DD76+566118]
Ordinal0 [0x00730B2B+1968939]
Ordinal0 [0x00735988+1989000]
Ordinal0 [0x00735A75+1989237]
Ordinal0 [0x0073ECB1+2026673]
BaseThreadInitThunk [0x769BFA29+25]
RtlGetAppContainerNamedObjectPath [0x77AA7A7E+286]
RtlGetAppContainerNamedObjectPath [0x77AA7A4E+238]

at org.openqa.selenium.remote.W3CHandshakeResponse.lambda$errorHandler$0(W3CHandshakeResponse.java:62)
at org.openqa.selenium.remote.HandshakeResponse.lambda$getResponseFunction$0(HandshakeResponse.java:30)
at org.openqa.selenium.remote.ProtocolHandshake.lambda$createSession$0(ProtocolHandshake.java:126)
at java.base/java.util.stream.ReferencePipeline$3$1.accept(ReferencePipeline.java:197)
at java.base/java.util.Spliterators$ArraySpliterator.tryAdvance(Spliterators.java:1002)
at java.base/java.util.stream.ReferencePipeline.forEachWithCancel(ReferencePipeline.java:129)
at java.base/java.util.stream.AbstractPipeline.copyIntoWithCancel(AbstractPipeline.java:527)
at java.base/java.util.stream.AbstractPipeline.copyInto(AbstractPipeline.java:513)
at java.base/java.util.stream.AbstractPipeline.wrapAndCopyInto(AbstractPipeline.java:499)
at java.base/java.util.stream.FindOps$FindOp.evaluateSequential(FindOps.java:150)
at java.base/java.util.stream.AbstractPipeline.evaluate(AbstractPipeline.java:234)
at java.base/java.util.stream.ReferencePipeline.findFirst(ReferencePipeline.java:647)
at org.openqa.selenium.remote.ProtocolHandshake.createSession(ProtocolHandshake.java:128)
at org.openqa.selenium.remote.ProtocolHandshake.createSession(ProtocolHandshake.java:74)
at org.openqa.selenium.remote.HttpCommandExecutor.execute(HttpCommandExecutor.java:136)
at org.openqa.selenium.remote.service.DriverCommandExecutor.execute(DriverCommandExecutor.java:83)
at org.openqa.selenium.remote.RemoteWebDriver.execute(RemoteWebDriver.java:552)
at org.openqa.selenium.remote.RemoteWebDriver.startSession(RemoteWebDriver.java:213)
at org.openqa.selenium.remote.RemoteWebDriver.<init>(RemoteWebDriver.java:131)
at org.openqa.selenium.chrome.ChromeDriver.<init>(ChromeDriver.java:181)
at org.openqa.selenium.chrome.ChromeDriver.<init>(ChromeDriver.java:168)
at org.openqa.selenium.chrome.ChromeDriver.<init>(ChromeDriver.java:123)
at banking.testCases.BaseClass.setup(BaseClass.java:43)
at java.base/java.util.ArrayList.forEach(ArrayList.java:1511)
... Removed 30 stack frames]]>
    </failure>
  </testcase> <!-- @BeforeClass setup -->
  <testcase classname="banking.testCases.BaseClass" name="@AfterClass tearDown" time="-1.649320598581E9">
    <skipped/>
  </testcase> <!-- @AfterClass tearDown -->
  <testcase classname="banking.testCases.TC_LoginTest_001" name="loginTest" time="0.0">
    <skipped/>
  </testcase> <!-- loginTest -->
</testsuite> <!-- BankingApp Test -->
