<?xml version="1.0" encoding="UTF-8"?>
<testng-results skipped="0" failed="1" ignored="0" total="5" passed="4">
  <reporter-output>
  </reporter-output>
  <suite name="Default suite" duration-ms="22674" started-at="2022-01-07T18:51:31 IST" finished-at="2022-01-07T18:51:54 IST">
    <groups>
    </groups>
    <test name="Default test" duration-ms="22674" started-at="2022-01-07T18:51:31 IST" finished-at="2022-01-07T18:51:54 IST">
      <class name="TestNG.Testing">
        <test-method status="PASS" signature="openbrowser()[pri:1, instance:TestNG.Testing@7e2d773b]" name="openbrowser" duration-ms="13542" started-at="2022-01-07T18:51:31 IST" finished-at="2022-01-07T18:51:45 IST">
          <reporter-output>
          </reporter-output>
        </test-method> <!-- openbrowser -->
        <test-method status="PASS" signature="login()[pri:2, instance:TestNG.Testing@7e2d773b]" name="login" duration-ms="4442" started-at="2022-01-07T18:51:45 IST" finished-at="2022-01-07T18:51:49 IST">
          <reporter-output>
          </reporter-output>
        </test-method> <!-- login -->
        <test-method status="FAIL" signature="verifydashboard()[pri:3, instance:TestNG.Testing@7e2d773b]" name="verifydashboard" duration-ms="33" started-at="2022-01-07T18:51:49 IST" finished-at="2022-01-07T18:51:49 IST">
          <exception class="java.lang.AssertionError">
            <message>
              <![CDATA[expected [ Guru99 Bank Manager HomePage] but found [Guru99 Bank Manager HomePage]]]>
            </message>
            <full-stacktrace>
              <![CDATA[java.lang.AssertionError: expected [ Guru99 Bank Manager HomePage] but found [Guru99 Bank Manager HomePage]
at org.testng.Assert.fail(Assert.java:99)
at org.testng.Assert.failNotEquals(Assert.java:1037)
at org.testng.Assert.assertEqualsImpl(Assert.java:140)
at org.testng.Assert.assertEquals(Assert.java:122)
at org.testng.Assert.assertEquals(Assert.java:629)
at org.testng.Assert.assertEquals(Assert.java:639)
at TestNG.Testing.verifydashboard(Testing.java:40)
at sun.reflect.NativeMethodAccessorImpl.invoke0(Native Method)
at sun.reflect.NativeMethodAccessorImpl.invoke(Unknown Source)
at sun.reflect.DelegatingMethodAccessorImpl.invoke(Unknown Source)
at java.lang.reflect.Method.invoke(Unknown Source)
at org.testng.internal.MethodInvocationHelper.invokeMethod(MethodInvocationHelper.java:132)
at org.testng.internal.TestInvoker.invokeMethod(TestInvoker.java:599)
at org.testng.internal.TestInvoker.invokeTestMethod(TestInvoker.java:174)
at org.testng.internal.MethodRunner.runInSequence(MethodRunner.java:46)
at org.testng.internal.TestInvoker$MethodInvocationAgent.invoke(TestInvoker.java:822)
at org.testng.internal.TestInvoker.invokeTestMethods(TestInvoker.java:147)
at org.testng.internal.TestMethodWorker.invokeTestMethods(TestMethodWorker.java:146)
at org.testng.internal.TestMethodWorker.run(TestMethodWorker.java:128)
at java.util.ArrayList.forEach(Unknown Source)
at org.testng.TestRunner.privateRun(TestRunner.java:764)
at org.testng.TestRunner.run(TestRunner.java:585)
at org.testng.SuiteRunner.runTest(SuiteRunner.java:384)
at org.testng.SuiteRunner.runSequentially(SuiteRunner.java:378)
at org.testng.SuiteRunner.privateRun(SuiteRunner.java:337)
at org.testng.SuiteRunner.run(SuiteRunner.java:286)
at org.testng.SuiteRunnerWorker.runSuite(SuiteRunnerWorker.java:53)
at org.testng.SuiteRunnerWorker.run(SuiteRunnerWorker.java:96)
at org.testng.TestNG.runSuitesSequentially(TestNG.java:1218)
at org.testng.TestNG.runSuitesLocally(TestNG.java:1140)
at org.testng.TestNG.runSuites(TestNG.java:1069)
at org.testng.TestNG.run(TestNG.java:1037)
at org.testng.remote.AbstractRemoteTestNG.run(AbstractRemoteTestNG.java:115)
at org.testng.remote.RemoteTestNG.initAndRun(RemoteTestNG.java:251)
at org.testng.remote.RemoteTestNG.main(RemoteTestNG.java:77)
]]>
            </full-stacktrace>
          </exception> <!-- java.lang.AssertionError -->
          <reporter-output>
          </reporter-output>
        </test-method> <!-- verifydashboard -->
        <test-method status="PASS" signature="logout()[pri:4, instance:TestNG.Testing@7e2d773b]" name="logout" duration-ms="3618" started-at="2022-01-07T18:51:49 IST" finished-at="2022-01-07T18:51:53 IST">
          <reporter-output>
          </reporter-output>
        </test-method> <!-- logout -->
        <test-method status="PASS" signature="browserterminate()[pri:5, instance:TestNG.Testing@7e2d773b]" name="browserterminate" duration-ms="768" started-at="2022-01-07T18:51:53 IST" finished-at="2022-01-07T18:51:54 IST">
          <reporter-output>
          </reporter-output>
        </test-method> <!-- browserterminate -->
      </class> <!-- TestNG.Testing -->
    </test> <!-- Default test -->
  </suite> <!-- Default suite -->
</testng-results>
